Profissional   |     Data                     |     Prioridade     |     Tabela                                            |     Controller                                        |     IP                                                 |     Host                                               |     Mensagem  
-----------------------------------------------------------------------------------------------------------------------------------------------------------------------------------------------------------------------------------------------------------------------------------------------------------------------
2              |     2011-05-30 19:31:10      |     6              |     Sem tabela                                        |     auth                                              |     ::1                                                |     hudson-pc                                          |     Acesso ao sistema
2              |     2011-05-30 19:36:29      |     8              |     a_documentacao_contrato                           |     documentacao-contrato                             |     ::1                                                |     hudson-pc                                          |     Inclusão de Registro: cd_tipo_documentacao = 13 cd_contrato = 14 
2              |     2011-05-30 19:39:32      |     8              |     a_doc_projeto_continuo                            |     documentacao-projeto-continuo                     |     ::1                                                |     hudson-pc                                          |     Inclusão de Registro: cd_tipo_documentacao = 15 cd_objeto = 15 cd_projeto_continuado = 5 dt_doc_projeto_continuo = 2011-05-30 19:39:32 
2              |     2011-05-30 19:42:13      |     8              |     a_documentacao_projeto                            |     documentacao-projeto                              |     ::1                                                |     hudson-pc                                          |     Inclusão de Registro: cd_projeto = 254 cd_tipo_documentacao = 2 dt_documentacao_projeto = 2011-05-30 19:42:13 
2              |     2011-05-30 19:44:54      |     8              |     b_tipo_documentacao                               |     tipo-documentacao                                 |     ::1                                                |     hudson-pc                                          |     Inclusão de Registro: cd_tipo_documentacao = 19
2              |     2011-05-30 19:45:55      |     9              |     a_item_teste_requisito                            |     gerenciamento-teste                               |     ::1                                                |     hudson-pc                                          |     Alteração de Registro: cd_item_teste_requisito = 1
                                                  and
                                                  cd_requisito = 226
                                                  and
                                                  cd_projeto = 187
                                                  and
                                                  cd_item_teste = 1
                                                  and
                                                  dt_versao_requisito = '2010-03-29 17:19:01'
                                                  
2              |     2011-05-30 19:45:55      |     8              |     a_item_teste_requisito_doc                        |     gerenciamento-teste                               |     ::1                                                |     hudson-pc                                          |     Inclusão de Registro: cd_arq_item_teste_requisito = 1 cd_item_teste = 1 cd_requisito = 226 cd_projeto = 187 dt_versao_requisito = 2010-03-29 17:19:01 cd_item_teste_requisito = 1 
2              |     2011-05-31 08:28:10      |     6              |     Sem tabela                                        |     auth                                              |     ::1                                                |     hudson-pc                                          |     Acesso ao sistema
2              |     2011-05-31 08:33:33      |     8              |     b_tipo_documentacao                               |     tipo-documentacao                                 |     ::1                                                |     hudson-pc                                          |     Inclusão de Registro: cd_tipo_documentacao = 20
2              |     2011-05-31 09:10:54      |     8              |     a_documentacao_profissional                       |     documentacao-profissional                         |     ::1                                                |     hudson-pc                                          |     Inclusão de Registro: cd_tipo_documentacao = 20 cd_profissional = 2 
2              |     2011-05-31 09:13:56      |     8              |     a_documentacao_profissional                       |     documentacao-profissional                         |     ::1                                                |     hudson-pc                                          |     Inclusão de Registro: cd_tipo_documentacao = 20 cd_profissional = 2 
2              |     2011-05-31 09:39:04      |     6              |     Sem tabela                                        |     auth                                              |     ::1                                                |     hudson-pc                                          |     Acesso ao sistema
2              |     2011-05-31 10:48:43      |     6              |     Sem tabela                                        |     auth                                              |     ::1                                                |     hudson-pc                                          |     Acesso ao sistema
2              |     2011-05-31 12:37:15      |     8              |     b_subitem_inv_descri                              |     subitem-inv-descri                                |     ::1                                                |     hudson-pc                                          |     Inclusão de Registro: cd_item_inventario = 2 cd_subitem_inventario = 1 cd_subitem_inv_descri = 1 
2              |     2011-05-31 12:56:15      |     8              |     b_subitem_inv_descri                              |     subitem-inv-descri                                |     ::1                                                |     hudson-pc                                          |     Inclusão de Registro: cd_item_inventario = 2 cd_subitem_inventario = 1 cd_subitem_inv_descri = 2 
2              |     2011-05-31 12:56:25      |     8              |     b_subitem_inv_descri                              |     subitem-inv-descri                                |     ::1                                                |     hudson-pc                                          |     Inclusão de Registro: cd_item_inventario = 2 cd_subitem_inventario = 1 cd_subitem_inv_descri = 3 
2              |     2011-05-31 13:27:34      |     6              |     Sem tabela                                        |     auth                                              |     ::1                                                |     hudson-pc                                          |     Acesso ao sistema
2              |     2011-05-31 16:54:16      |     6              |     Sem tabela                                        |     auth                                              |     ::1                                                |     hudson-pc                                          |     Acesso ao sistema
